{"/home/sm/clones/cheminfo/netcdfjs/src/data.ts": {"path":"/home/sm/clones/cheminfo/netcdfjs/src/data.ts","statementMap":{"0":{"start":{"line":4,"column":0},"end":{"line":4,"column":55}},"1":{"start":{"line":18,"column":15},"end":{"line":18,"column":37}},"2":{"start":{"line":21,"column":15},"end":{"line":21,"column":46}},"3":{"start":{"line":24,"column":13},"end":{"line":24,"column":28}},"4":{"start":{"line":25,"column":2},"end":{"line":27,"column":null}},"5":{"start":{"line":25,"column":15},"end":{"line":25,"column":16}},"6":{"start":{"line":26,"column":4},"end":{"line":26,"column":40}},"7":{"start":{"line":29,"column":2},"end":{"line":29,"column":14}},"8":{"start":{"line":13,"column":0},"end":{"line":13,"column":16}},"9":{"start":{"line":45,"column":15},"end":{"line":45,"column":37}},"10":{"start":{"line":46,"column":16},"end":{"line":46,"column":67}},"11":{"start":{"line":50,"column":15},"end":{"line":50,"column":37}},"12":{"start":{"line":53,"column":13},"end":{"line":53,"column":28}},"13":{"start":{"line":54,"column":15},"end":{"line":54,"column":41}},"14":{"start":{"line":55,"column":2},"end":{"line":63,"column":null}},"15":{"start":{"line":56,"column":4},"end":{"line":60,"column":null}},"16":{"start":{"line":56,"column":17},"end":{"line":56,"column":18}},"17":{"start":{"line":57,"column":26},"end":{"line":57,"column":39}},"18":{"start":{"line":58,"column":6},"end":{"line":58,"column":46}},"19":{"start":{"line":59,"column":6},"end":{"line":59,"column":40}},"20":{"start":{"line":62,"column":4},"end":{"line":62,"column":63}},"21":{"start":{"line":65,"column":2},"end":{"line":65,"column":14}},"22":{"start":{"line":39,"column":0},"end":{"line":39,"column":16}}},"fnMap":{"0":{"name":"nonRecord","decl":{"start":{"line":13,"column":16},"end":{"line":13,"column":25}},"loc":{"start":{"line":15,"column":39},"end":{"line":30,"column":1}}},"1":{"name":"record","decl":{"start":{"line":39,"column":16},"end":{"line":39,"column":22}},"loc":{"start":{"line":42,"column":44},"end":{"line":66,"column":1}}}},"branchMap":{"0":{"loc":{"start":{"line":46,"column":16},"end":{"line":46,"column":67}},"type":"cond-expr","locations":[{"start":{"line":46,"column":32},"end":{"line":46,"column":63}},{"start":{"line":46,"column":66},"end":{"line":46,"column":67}}]},"1":{"loc":{"start":{"line":55,"column":2},"end":{"line":63,"column":null}},"type":"if","locations":[{"start":{"line":55,"column":2},"end":{"line":63,"column":null}},{"start":{"line":61,"column":9},"end":{"line":63,"column":null}}]}},"s":{"0":6,"1":57,"2":57,"3":57,"4":57,"5":57,"6":110120,"7":57,"8":6,"9":9,"10":9,"11":9,"12":9,"13":9,"14":9,"15":9,"16":9,"17":472026,"18":472026,"19":472026,"20":0,"21":9,"22":6},"f":{"0":57,"1":9},"b":{"0":[9,0],"1":[9,0]}}
,"/home/sm/clones/cheminfo/netcdfjs/src/header.ts": {"path":"/home/sm/clones/cheminfo/netcdfjs/src/header.ts","statementMap":{"0":{"start":{"line":3,"column":0},"end":{"line":3,"column":44}},"1":{"start":{"line":4,"column":0},"end":{"line":4,"column":55}},"2":{"start":{"line":7,"column":13},"end":{"line":7,"column":14}},"3":{"start":{"line":8,"column":21},"end":{"line":8,"column":23}},"4":{"start":{"line":9,"column":20},"end":{"line":9,"column":22}},"5":{"start":{"line":10,"column":21},"end":{"line":10,"column":23}},"6":{"start":{"line":37,"column":34},"end":{"line":37,"column":36}},"7":{"start":{"line":41,"column":53},"end":{"line":43,"column":4}},"8":{"start":{"line":46,"column":2},"end":{"line":46,"column":27}},"9":{"start":{"line":49,"column":18},"end":{"line":49,"column":40}},"10":{"start":{"line":51,"column":2},"end":{"line":55,"column":null}},"11":{"start":{"line":52,"column":4},"end":{"line":52,"column":42}},"12":{"start":{"line":53,"column":4},"end":{"line":53,"column":46}},"13":{"start":{"line":54,"column":4},"end":{"line":54,"column":43}},"14":{"start":{"line":58,"column":2},"end":{"line":58,"column":51}},"15":{"start":{"line":61,"column":20},"end":{"line":61,"column":71}},"16":{"start":{"line":62,"column":2},"end":{"line":65,"column":null}},"17":{"start":{"line":63,"column":4},"end":{"line":63,"column":43}},"18":{"start":{"line":64,"column":4},"end":{"line":64,"column":54}},"19":{"start":{"line":66,"column":2},"end":{"line":66,"column":43}},"20":{"start":{"line":68,"column":2},"end":{"line":68,"column":26}},"21":{"start":{"line":36,"column":0},"end":{"line":36,"column":16}},"22":{"start":{"line":71,"column":21},"end":{"line":71,"column":22}},"23":{"start":{"line":93,"column":38},"end":{"line":93,"column":40}},"24":{"start":{"line":96,"column":18},"end":{"line":96,"column":37}},"25":{"start":{"line":100,"column":2},"end":{"line":129,"column":null}},"26":{"start":{"line":101,"column":4},"end":{"line":104,"column":6}},"27":{"start":{"line":105,"column":4},"end":{"line":105,"column":14}},"28":{"start":{"line":107,"column":4},"end":{"line":107,"column":76}},"29":{"start":{"line":110,"column":26},"end":{"line":110,"column":45}},"30":{"start":{"line":111,"column":4},"end":{"line":111,"column":42}},"31":{"start":{"line":112,"column":4},"end":{"line":128,"column":null}},"32":{"start":{"line":112,"column":19},"end":{"line":112,"column":20}},"33":{"start":{"line":114,"column":19},"end":{"line":114,"column":35}},"34":{"start":{"line":117,"column":19},"end":{"line":117,"column":38}},"35":{"start":{"line":118,"column":6},"end":{"line":122,"column":null}},"36":{"start":{"line":120,"column":8},"end":{"line":120,"column":23}},"37":{"start":{"line":121,"column":8},"end":{"line":121,"column":26}},"38":{"start":{"line":124,"column":6},"end":{"line":127,"column":8}},"39":{"start":{"line":130,"column":2},"end":{"line":132,"column":null}},"40":{"start":{"line":131,"column":4},"end":{"line":131,"column":31}},"41":{"start":{"line":133,"column":2},"end":{"line":135,"column":null}},"42":{"start":{"line":134,"column":4},"end":{"line":134,"column":35}},"43":{"start":{"line":136,"column":2},"end":{"line":136,"column":33}},"44":{"start":{"line":137,"column":2},"end":{"line":137,"column":30}},"45":{"start":{"line":154,"column":19},"end":{"line":154,"column":38}},"46":{"start":{"line":156,"column":2},"end":{"line":189,"column":null}},"47":{"start":{"line":157,"column":4},"end":{"line":160,"column":6}},"48":{"start":{"line":161,"column":4},"end":{"line":161,"column":14}},"49":{"start":{"line":163,"column":4},"end":{"line":163,"column":77}},"50":{"start":{"line":166,"column":26},"end":{"line":166,"column":45}},"51":{"start":{"line":167,"column":4},"end":{"line":167,"column":42}},"52":{"start":{"line":168,"column":4},"end":{"line":188,"column":null}},"53":{"start":{"line":168,"column":20},"end":{"line":168,"column":21}},"54":{"start":{"line":170,"column":19},"end":{"line":170,"column":35}},"55":{"start":{"line":173,"column":19},"end":{"line":173,"column":38}},"56":{"start":{"line":174,"column":6},"end":{"line":174,"column":64}},"57":{"start":{"line":177,"column":19},"end":{"line":177,"column":38}},"58":{"start":{"line":178,"column":20},"end":{"line":178,"column":48}},"59":{"start":{"line":181,"column":6},"end":{"line":181,"column":22}},"60":{"start":{"line":183,"column":6},"end":{"line":187,"column":8}},"61":{"start":{"line":190,"column":2},"end":{"line":190,"column":20}},"62":{"start":{"line":222,"column":18},"end":{"line":222,"column":37}},"63":{"start":{"line":223,"column":19},"end":{"line":223,"column":20}},"64":{"start":{"line":225,"column":2},"end":{"line":285,"column":null}},"65":{"start":{"line":226,"column":4},"end":{"line":229,"column":6}},"66":{"start":{"line":230,"column":4},"end":{"line":230,"column":14}},"67":{"start":{"line":232,"column":4},"end":{"line":232,"column":74}},"68":{"start":{"line":235,"column":25},"end":{"line":235,"column":44}},"69":{"start":{"line":236,"column":4},"end":{"line":236,"column":40}},"70":{"start":{"line":237,"column":4},"end":{"line":284,"column":null}},"71":{"start":{"line":237,"column":17},"end":{"line":237,"column":18}},"72":{"start":{"line":239,"column":17},"end":{"line":239,"column":33}},"73":{"start":{"line":242,"column":29},"end":{"line":242,"column":48}},"74":{"start":{"line":245,"column":26},"end":{"line":245,"column":51}},"75":{"start":{"line":246,"column":6},"end":{"line":248,"column":null}},"76":{"start":{"line":246,"column":21},"end":{"line":246,"column":22}},"77":{"start":{"line":247,"column":8},"end":{"line":247,"column":49}},"78":{"start":{"line":251,"column":23},"end":{"line":251,"column":45}},"79":{"start":{"line":254,"column":17},"end":{"line":254,"column":36}},"80":{"start":{"line":255,"column":6},"end":{"line":255,"column":64}},"81":{"start":{"line":260,"column":22},"end":{"line":260,"column":41}},"82":{"start":{"line":263,"column":19},"end":{"line":263,"column":38}},"83":{"start":{"line":264,"column":6},"end":{"line":267,"column":null}},"84":{"start":{"line":265,"column":8},"end":{"line":265,"column":71}},"85":{"start":{"line":266,"column":8},"end":{"line":266,"column":37}},"86":{"start":{"line":269,"column":19},"end":{"line":269,"column":24}},"87":{"start":{"line":271,"column":6},"end":{"line":274,"column":null}},"88":{"start":{"line":272,"column":8},"end":{"line":272,"column":30}},"89":{"start":{"line":273,"column":8},"end":{"line":273,"column":22}},"90":{"start":{"line":275,"column":6},"end":{"line":283,"column":8}},"91":{"start":{"line":286,"column":2},"end":{"line":289,"column":4}}},"fnMap":{"0":{"name":"header","decl":{"start":{"line":36,"column":16},"end":{"line":36,"column":22}},"loc":{"start":{"line":36,"column":56},"end":{"line":69,"column":1}}},"1":{"name":"dimensionsList","decl":{"start":{"line":92,"column":9},"end":{"line":92,"column":23}},"loc":{"start":{"line":92,"column":40},"end":{"line":138,"column":1}}},"2":{"name":"attributesList","decl":{"start":{"line":153,"column":9},"end":{"line":153,"column":23}},"loc":{"start":{"line":153,"column":40},"end":{"line":191,"column":1}}},"3":{"name":"variablesList","decl":{"start":{"line":217,"column":9},"end":{"line":217,"column":22}},"loc":{"start":{"line":220,"column":17},"end":{"line":290,"column":1}}}},"branchMap":{"0":{"loc":{"start":{"line":51,"column":2},"end":{"line":55,"column":null}},"type":"if","locations":[{"start":{"line":51,"column":2},"end":{"line":55,"column":null}}]},"1":{"loc":{"start":{"line":62,"column":2},"end":{"line":65,"column":null}},"type":"if","locations":[{"start":{"line":62,"column":2},"end":{"line":65,"column":null}}]},"2":{"loc":{"start":{"line":100,"column":2},"end":{"line":129,"column":null}},"type":"if","locations":[{"start":{"line":100,"column":2},"end":{"line":129,"column":null}},{"start":{"line":106,"column":9},"end":{"line":129,"column":null}}]},"3":{"loc":{"start":{"line":118,"column":6},"end":{"line":122,"column":null}},"type":"if","locations":[{"start":{"line":118,"column":6},"end":{"line":122,"column":null}}]},"4":{"loc":{"start":{"line":130,"column":2},"end":{"line":132,"column":null}},"type":"if","locations":[{"start":{"line":130,"column":2},"end":{"line":132,"column":null}}]},"5":{"loc":{"start":{"line":133,"column":2},"end":{"line":135,"column":null}},"type":"if","locations":[{"start":{"line":133,"column":2},"end":{"line":135,"column":null}}]},"6":{"loc":{"start":{"line":156,"column":2},"end":{"line":189,"column":null}},"type":"if","locations":[{"start":{"line":156,"column":2},"end":{"line":189,"column":null}},{"start":{"line":162,"column":9},"end":{"line":189,"column":null}}]},"7":{"loc":{"start":{"line":174,"column":16},"end":{"line":174,"column":36}},"type":"binary-expr","locations":[{"start":{"line":174,"column":16},"end":{"line":174,"column":24}},{"start":{"line":174,"column":28},"end":{"line":174,"column":36}}]},"8":{"loc":{"start":{"line":225,"column":2},"end":{"line":285,"column":null}},"type":"if","locations":[{"start":{"line":225,"column":2},"end":{"line":285,"column":null}},{"start":{"line":231,"column":9},"end":{"line":285,"column":null}}]},"9":{"loc":{"start":{"line":255,"column":16},"end":{"line":255,"column":36}},"type":"binary-expr","locations":[{"start":{"line":255,"column":16},"end":{"line":255,"column":24}},{"start":{"line":255,"column":28},"end":{"line":255,"column":36}}]},"10":{"loc":{"start":{"line":264,"column":6},"end":{"line":267,"column":null}},"type":"if","locations":[{"start":{"line":264,"column":6},"end":{"line":267,"column":null}}]},"11":{"loc":{"start":{"line":271,"column":6},"end":{"line":274,"column":null}},"type":"if","locations":[{"start":{"line":271,"column":6},"end":{"line":274,"column":null}}]},"12":{"loc":{"start":{"line":271,"column":10},"end":{"line":271,"column":74}},"type":"binary-expr","locations":[{"start":{"line":271,"column":10},"end":{"line":271,"column":41}},{"start":{"line":271,"column":45},"end":{"line":271,"column":74}}]}},"s":{"0":6,"1":6,"2":6,"3":6,"4":6,"5":6,"6":13,"7":13,"8":13,"9":13,"10":13,"11":13,"12":13,"13":13,"14":13,"15":13,"16":13,"17":13,"18":13,"19":13,"20":13,"21":6,"22":6,"23":13,"24":13,"25":13,"26":0,"27":0,"28":13,"29":13,"30":13,"31":13,"32":13,"33":195,"34":195,"35":195,"36":12,"37":12,"38":195,"39":13,"40":12,"41":13,"42":12,"43":13,"44":13,"45":765,"46":765,"47":151,"48":151,"49":614,"50":614,"51":614,"52":614,"53":614,"54":3988,"55":3988,"56":3988,"57":3988,"58":3988,"59":3988,"60":3988,"61":614,"62":13,"63":13,"64":13,"65":0,"66":0,"67":13,"68":13,"69":13,"70":13,"71":13,"72":752,"73":752,"74":752,"75":752,"76":752,"77":924,"78":752,"79":752,"80":752,"81":752,"82":752,"83":752,"84":7,"85":7,"86":752,"87":752,"88":544,"89":544,"90":752,"91":13},"f":{"0":13,"1":13,"2":765,"3":13},"b":{"0":[13],"1":[13],"2":[0,13],"3":[12],"4":[12],"5":[12],"6":[151,614],"7":[3988,3988],"8":[0,13],"9":[752,0],"10":[7],"11":[544],"12":[752,728]}}
,"/home/sm/clones/cheminfo/netcdfjs/src/index.ts": {"path":"/home/sm/clones/cheminfo/netcdfjs/src/index.ts","statementMap":{"0":{"start":{"line":1,"column":0},"end":{"line":1,"column":36}},"1":{"start":{"line":3,"column":0},"end":{"line":3,"column":43}},"2":{"start":{"line":4,"column":0},"end":{"line":4,"column":42}},"3":{"start":{"line":5,"column":0},"end":{"line":5,"column":38}},"4":{"start":{"line":6,"column":0},"end":{"line":6,"column":36}},"5":{"start":{"line":103,"column":2},"end":{"line":103,"column":22}},"6":{"start":{"line":19,"column":19},"end":{"line":19,"column":37}},"7":{"start":{"line":20,"column":4},"end":{"line":20,"column":26}},"8":{"start":{"line":23,"column":4},"end":{"line":23,"column":70}},"9":{"start":{"line":26,"column":20},"end":{"line":26,"column":37}},"10":{"start":{"line":27,"column":4},"end":{"line":27,"column":46}},"11":{"start":{"line":30,"column":4},"end":{"line":30,"column":42}},"12":{"start":{"line":31,"column":4},"end":{"line":31,"column":25}},"13":{"start":{"line":38,"column":4},"end":{"line":42,"column":null}},"14":{"start":{"line":39,"column":6},"end":{"line":39,"column":30}},"15":{"start":{"line":41,"column":6},"end":{"line":41,"column":36}},"16":{"start":{"line":53,"column":4},"end":{"line":53,"column":39}},"17":{"start":{"line":62,"column":4},"end":{"line":62,"column":34}},"18":{"start":{"line":72,"column":4},"end":{"line":72,"column":40}},"19":{"start":{"line":81,"column":22},"end":{"line":82,"column":null}},"20":{"start":{"line":82,"column":15},"end":{"line":82,"column":41}},"21":{"start":{"line":84,"column":4},"end":{"line":84,"column":42}},"22":{"start":{"line":84,"column":19},"end":{"line":84,"column":42}},"23":{"start":{"line":85,"column":4},"end":{"line":85,"column":16}},"24":{"start":{"line":94,"column":21},"end":{"line":94,"column":55}},"25":{"start":{"line":95,"column":4},"end":{"line":95,"column":43}},"26":{"start":{"line":95,"column":18},"end":{"line":95,"column":43}},"27":{"start":{"line":96,"column":4},"end":{"line":96,"column":16}},"28":{"start":{"line":100,"column":4},"end":{"line":100,"column":33}},"29":{"start":{"line":111,"column":4},"end":{"line":118,"column":null}},"30":{"start":{"line":113,"column":6},"end":{"line":115,"column":9}},"31":{"start":{"line":114,"column":8},"end":{"line":114,"column":41}},"32":{"start":{"line":117,"column":6},"end":{"line":117,"column":30}},"33":{"start":{"line":121,"column":4},"end":{"line":123,"column":null}},"34":{"start":{"line":122,"column":6},"end":{"line":122,"column":74}},"35":{"start":{"line":126,"column":4},"end":{"line":126,"column":38}},"36":{"start":{"line":128,"column":4},"end":{"line":134,"column":null}},"37":{"start":{"line":130,"column":6},"end":{"line":130,"column":72}},"38":{"start":{"line":133,"column":6},"end":{"line":133,"column":46}},"39":{"start":{"line":143,"column":21},"end":{"line":145,"column":6}},"40":{"start":{"line":144,"column":6},"end":{"line":144,"column":39}},"41":{"start":{"line":146,"column":4},"end":{"line":146,"column":34}},"42":{"start":{"line":155,"column":22},"end":{"line":156,"column":null}},"43":{"start":{"line":156,"column":15},"end":{"line":156,"column":41}},"44":{"start":{"line":158,"column":4},"end":{"line":158,"column":35}},"45":{"start":{"line":14,"column":0},"end":{"line":14,"column":13}}},"fnMap":{"0":{"name":"(anonymous_0)","decl":{"start":{"line":18,"column":2},"end":{"line":18,"column":14}},"loc":{"start":{"line":18,"column":31},"end":{"line":32,"column":3}}},"1":{"name":"(anonymous_1)","decl":{"start":{"line":37,"column":2},"end":{"line":37,"column":6}},"loc":{"start":{"line":37,"column":13},"end":{"line":43,"column":3}}},"2":{"name":"(anonymous_2)","decl":{"start":{"line":52,"column":2},"end":{"line":52,"column":6}},"loc":{"start":{"line":52,"column":21},"end":{"line":54,"column":3}}},"3":{"name":"(anonymous_3)","decl":{"start":{"line":61,"column":2},"end":{"line":61,"column":6}},"loc":{"start":{"line":61,"column":16},"end":{"line":63,"column":3}}},"4":{"name":"(anonymous_4)","decl":{"start":{"line":71,"column":2},"end":{"line":71,"column":6}},"loc":{"start":{"line":71,"column":22},"end":{"line":73,"column":3}}},"5":{"name":"(anonymous_5)","decl":{"start":{"line":80,"column":2},"end":{"line":80,"column":14}},"loc":{"start":{"line":80,"column":36},"end":{"line":86,"column":3}}},"6":{"name":"(anonymous_6)","decl":{"start":{"line":82,"column":6},"end":{"line":82,"column":7}},"loc":{"start":{"line":82,"column":15},"end":{"line":82,"column":41}}},"7":{"name":"(anonymous_7)","decl":{"start":{"line":93,"column":2},"end":{"line":93,"column":25}},"loc":{"start":{"line":93,"column":46},"end":{"line":97,"column":3}}},"8":{"name":"(anonymous_8)","decl":{"start":{"line":99,"column":2},"end":{"line":99,"column":6}},"loc":{"start":{"line":99,"column":15},"end":{"line":101,"column":3}}},"9":{"name":"(anonymous_9)","decl":{"start":{"line":109,"column":2},"end":{"line":109,"column":17}},"loc":{"start":{"line":109,"column":68},"end":{"line":135,"column":3}}},"10":{"name":"(anonymous_10)","decl":{"start":{"line":113,"column":44},"end":{"line":113,"column":45}},"loc":{"start":{"line":113,"column":52},"end":{"line":115,"column":7}}},"11":{"name":"(anonymous_11)","decl":{"start":{"line":142,"column":2},"end":{"line":142,"column":20}},"loc":{"start":{"line":142,"column":41},"end":{"line":147,"column":3}}},"12":{"name":"(anonymous_12)","decl":{"start":{"line":143,"column":48},"end":{"line":143,"column":49}},"loc":{"start":{"line":143,"column":56},"end":{"line":145,"column":5}}},"13":{"name":"(anonymous_13)","decl":{"start":{"line":154,"column":2},"end":{"line":154,"column":17}},"loc":{"start":{"line":154,"column":39},"end":{"line":159,"column":3}}},"14":{"name":"(anonymous_14)","decl":{"start":{"line":156,"column":6},"end":{"line":156,"column":7}},"loc":{"start":{"line":156,"column":15},"end":{"line":156,"column":41}}}},"branchMap":{"0":{"loc":{"start":{"line":38,"column":4},"end":{"line":42,"column":null}},"type":"if","locations":[{"start":{"line":38,"column":4},"end":{"line":42,"column":null}},{"start":{"line":40,"column":11},"end":{"line":42,"column":null}}]},"1":{"loc":{"start":{"line":84,"column":4},"end":{"line":84,"column":42}},"type":"if","locations":[{"start":{"line":84,"column":4},"end":{"line":84,"column":42}}]},"2":{"loc":{"start":{"line":95,"column":4},"end":{"line":95,"column":43}},"type":"if","locations":[{"start":{"line":95,"column":4},"end":{"line":95,"column":43}}]},"3":{"loc":{"start":{"line":111,"column":4},"end":{"line":118,"column":null}},"type":"if","locations":[{"start":{"line":111,"column":4},"end":{"line":118,"column":null}},{"start":{"line":116,"column":11},"end":{"line":118,"column":null}}]},"4":{"loc":{"start":{"line":121,"column":4},"end":{"line":123,"column":null}},"type":"if","locations":[{"start":{"line":121,"column":4},"end":{"line":123,"column":null}}]},"5":{"loc":{"start":{"line":128,"column":4},"end":{"line":134,"column":null}},"type":"if","locations":[{"start":{"line":128,"column":4},"end":{"line":134,"column":null}},{"start":{"line":131,"column":11},"end":{"line":134,"column":null}}]}},"s":{"0":6,"1":6,"2":6,"3":6,"4":6,"5":14,"6":14,"7":14,"8":14,"9":13,"10":13,"11":13,"12":13,"13":3,"14":2,"15":1,"16":1,"17":2,"18":6,"19":1,"20":10,"21":1,"22":1,"23":0,"24":1,"25":1,"26":1,"27":0,"28":5,"29":67,"30":13,"31":175,"32":54,"33":67,"34":1,"35":66,"36":66,"37":9,"38":57,"39":2,"40":49,"41":2,"42":2,"43":37,"44":2,"45":6},"f":{"0":14,"1":3,"2":1,"3":2,"4":6,"5":1,"6":10,"7":1,"8":5,"9":67,"10":175,"11":2,"12":49,"13":2,"14":37},"b":{"0":[2,1],"1":[1],"2":[1],"3":[13,54],"4":[1],"5":[9,57]}}
,"/home/sm/clones/cheminfo/netcdfjs/src/toString.ts": {"path":"/home/sm/clones/cheminfo/netcdfjs/src/toString.ts","statementMap":{"0":{"start":{"line":4,"column":15},"end":{"line":4,"column":17}},"1":{"start":{"line":5,"column":2},"end":{"line":5,"column":28}},"2":{"start":{"line":6,"column":2},"end":{"line":8,"column":null}},"3":{"start":{"line":7,"column":4},"end":{"line":7,"column":76}},"4":{"start":{"line":10,"column":2},"end":{"line":10,"column":18}},"5":{"start":{"line":11,"column":2},"end":{"line":11,"column":35}},"6":{"start":{"line":12,"column":2},"end":{"line":14,"column":null}},"7":{"start":{"line":13,"column":4},"end":{"line":13,"column":71}},"8":{"start":{"line":16,"column":18},"end":{"line":16,"column":60}},"9":{"start":{"line":17,"column":2},"end":{"line":17,"column":18}},"10":{"start":{"line":18,"column":2},"end":{"line":18,"column":28}},"11":{"start":{"line":19,"column":2},"end":{"line":27,"column":null}},"12":{"start":{"line":20,"column":4},"end":{"line":20,"column":52}},"13":{"start":{"line":21,"column":20},"end":{"line":21,"column":50}},"14":{"start":{"line":22,"column":4},"end":{"line":22,"column":70}},"15":{"start":{"line":22,"column":31},"end":{"line":22,"column":70}},"16":{"start":{"line":23,"column":4},"end":{"line":25,"column":null}},"17":{"start":{"line":24,"column":6},"end":{"line":24,"column":57}},"18":{"start":{"line":26,"column":4},"end":{"line":26,"column":64}},"19":{"start":{"line":28,"column":2},"end":{"line":28,"column":27}},"20":{"start":{"line":3,"column":0},"end":{"line":3,"column":16}}},"fnMap":{"0":{"name":"toString","decl":{"start":{"line":3,"column":16},"end":{"line":3,"column":24}},"loc":{"start":{"line":3,"column":24},"end":{"line":29,"column":1}}}},"branchMap":{"0":{"loc":{"start":{"line":22,"column":4},"end":{"line":22,"column":70}},"type":"if","locations":[{"start":{"line":22,"column":4},"end":{"line":22,"column":70}}]},"1":{"loc":{"start":{"line":23,"column":4},"end":{"line":25,"column":null}},"type":"if","locations":[{"start":{"line":23,"column":4},"end":{"line":25,"column":null}}]}},"s":{"0":1,"1":1,"2":1,"3":13,"4":1,"5":1,"6":1,"7":27,"8":1,"9":1,"10":1,"11":1,"12":29,"13":29,"14":29,"15":29,"16":29,"17":29,"18":29,"19":1,"20":6},"f":{"0":1},"b":{"0":[29],"1":[29]}}
,"/home/sm/clones/cheminfo/netcdfjs/src/types.ts": {"path":"/home/sm/clones/cheminfo/netcdfjs/src/types.ts","statementMap":{"0":{"start":{"line":3,"column":14},"end":{"line":10,"column":2}},"1":{"start":{"line":19,"column":2},"end":{"line":35,"column":null}},"2":{"start":{"line":21,"column":6},"end":{"line":21,"column":20}},"3":{"start":{"line":23,"column":6},"end":{"line":23,"column":20}},"4":{"start":{"line":25,"column":6},"end":{"line":25,"column":21}},"5":{"start":{"line":27,"column":6},"end":{"line":27,"column":19}},"6":{"start":{"line":29,"column":6},"end":{"line":29,"column":21}},"7":{"start":{"line":31,"column":6},"end":{"line":31,"column":22}},"8":{"start":{"line":18,"column":0},"end":{"line":18,"column":16}},"9":{"start":{"line":45,"column":2},"end":{"line":61,"column":null}},"10":{"start":{"line":47,"column":6},"end":{"line":47,"column":15}},"11":{"start":{"line":49,"column":6},"end":{"line":49,"column":15}},"12":{"start":{"line":51,"column":6},"end":{"line":51,"column":15}},"13":{"start":{"line":53,"column":6},"end":{"line":53,"column":15}},"14":{"start":{"line":55,"column":6},"end":{"line":55,"column":15}},"15":{"start":{"line":57,"column":6},"end":{"line":57,"column":15}},"16":{"start":{"line":44,"column":0},"end":{"line":44,"column":16}},"17":{"start":{"line":71,"column":2},"end":{"line":87,"column":null}},"18":{"start":{"line":73,"column":6},"end":{"line":73,"column":24}},"19":{"start":{"line":75,"column":6},"end":{"line":75,"column":24}},"20":{"start":{"line":77,"column":6},"end":{"line":77,"column":25}},"21":{"start":{"line":79,"column":6},"end":{"line":79,"column":23}},"22":{"start":{"line":81,"column":6},"end":{"line":81,"column":25}},"23":{"start":{"line":83,"column":6},"end":{"line":83,"column":26}},"24":{"start":{"line":70,"column":0},"end":{"line":70,"column":16}},"25":{"start":{"line":100,"column":2},"end":{"line":108,"column":null}},"26":{"start":{"line":101,"column":18},"end":{"line":101,"column":33}},"27":{"start":{"line":102,"column":4},"end":{"line":104,"column":null}},"28":{"start":{"line":102,"column":17},"end":{"line":102,"column":18}},"29":{"start":{"line":103,"column":6},"end":{"line":103,"column":34}},"30":{"start":{"line":105,"column":4},"end":{"line":105,"column":19}},"31":{"start":{"line":107,"column":4},"end":{"line":107,"column":26}},"32":{"start":{"line":123,"column":2},"end":{"line":139,"column":null}},"33":{"start":{"line":125,"column":6},"end":{"line":125,"column":48}},"34":{"start":{"line":127,"column":6},"end":{"line":127,"column":46}},"35":{"start":{"line":129,"column":6},"end":{"line":129,"column":61}},"36":{"start":{"line":131,"column":6},"end":{"line":131,"column":61}},"37":{"start":{"line":133,"column":6},"end":{"line":133,"column":63}},"38":{"start":{"line":135,"column":6},"end":{"line":135,"column":63}},"39":{"start":{"line":118,"column":0},"end":{"line":118,"column":16}},"40":{"start":{"line":148,"column":2},"end":{"line":150,"column":null}},"41":{"start":{"line":149,"column":4},"end":{"line":149,"column":48}},"42":{"start":{"line":151,"column":2},"end":{"line":151,"column":15}}},"fnMap":{"0":{"name":"num2str","decl":{"start":{"line":18,"column":16},"end":{"line":18,"column":23}},"loc":{"start":{"line":18,"column":36},"end":{"line":36,"column":1}}},"1":{"name":"num2bytes","decl":{"start":{"line":44,"column":16},"end":{"line":44,"column":25}},"loc":{"start":{"line":44,"column":38},"end":{"line":62,"column":1}}},"2":{"name":"str2num","decl":{"start":{"line":70,"column":16},"end":{"line":70,"column":23}},"loc":{"start":{"line":70,"column":36},"end":{"line":88,"column":1}}},"3":{"name":"readNumber","decl":{"start":{"line":96,"column":9},"end":{"line":96,"column":19}},"loc":{"start":{"line":98,"column":28},"end":{"line":109,"column":1}}},"4":{"name":"readType","decl":{"start":{"line":118,"column":16},"end":{"line":118,"column":24}},"loc":{"start":{"line":121,"column":14},"end":{"line":140,"column":1}}},"5":{"name":"trimNull","decl":{"start":{"line":147,"column":9},"end":{"line":147,"column":17}},"loc":{"start":{"line":147,"column":31},"end":{"line":152,"column":1}}}},"branchMap":{"0":{"loc":{"start":{"line":19,"column":2},"end":{"line":35,"column":null}},"type":"switch","locations":[{"start":{"line":20,"column":4},"end":{"line":21,"column":20}},{"start":{"line":22,"column":4},"end":{"line":23,"column":20}},{"start":{"line":24,"column":4},"end":{"line":25,"column":21}},{"start":{"line":26,"column":4},"end":{"line":27,"column":19}},{"start":{"line":28,"column":4},"end":{"line":29,"column":21}},{"start":{"line":30,"column":4},"end":{"line":31,"column":22}}]},"1":{"loc":{"start":{"line":45,"column":2},"end":{"line":61,"column":null}},"type":"switch","locations":[{"start":{"line":46,"column":4},"end":{"line":47,"column":15}},{"start":{"line":48,"column":4},"end":{"line":49,"column":15}},{"start":{"line":50,"column":4},"end":{"line":51,"column":15}},{"start":{"line":52,"column":4},"end":{"line":53,"column":15}},{"start":{"line":54,"column":4},"end":{"line":55,"column":15}},{"start":{"line":56,"column":4},"end":{"line":57,"column":15}}]},"2":{"loc":{"start":{"line":71,"column":2},"end":{"line":87,"column":null}},"type":"switch","locations":[{"start":{"line":72,"column":4},"end":{"line":73,"column":24}},{"start":{"line":74,"column":4},"end":{"line":75,"column":24}},{"start":{"line":76,"column":4},"end":{"line":77,"column":25}},{"start":{"line":78,"column":4},"end":{"line":79,"column":23}},{"start":{"line":80,"column":4},"end":{"line":81,"column":25}},{"start":{"line":82,"column":4},"end":{"line":83,"column":26}}]},"3":{"loc":{"start":{"line":100,"column":2},"end":{"line":108,"column":null}},"type":"if","locations":[{"start":{"line":100,"column":2},"end":{"line":108,"column":null}},{"start":{"line":106,"column":9},"end":{"line":108,"column":null}}]},"4":{"loc":{"start":{"line":123,"column":2},"end":{"line":139,"column":null}},"type":"switch","locations":[{"start":{"line":124,"column":4},"end":{"line":125,"column":48}},{"start":{"line":126,"column":4},"end":{"line":127,"column":46}},{"start":{"line":128,"column":4},"end":{"line":129,"column":61}},{"start":{"line":130,"column":4},"end":{"line":131,"column":61}},{"start":{"line":132,"column":4},"end":{"line":133,"column":63}},{"start":{"line":134,"column":4},"end":{"line":135,"column":63}}]},"5":{"loc":{"start":{"line":148,"column":2},"end":{"line":150,"column":null}},"type":"if","locations":[{"start":{"line":148,"column":2},"end":{"line":150,"column":null}}]}},"s":{"0":6,"1":4740,"2":0,"3":3825,"4":26,"5":419,"6":342,"7":128,"8":6,"9":66,"10":0,"11":18,"12":2,"13":6,"14":28,"15":12,"16":6,"17":66,"18":0,"19":18,"20":2,"21":6,"22":28,"23":12,"24":6,"25":577811,"26":152,"27":152,"28":152,"29":147010,"30":152,"31":577659,"32":586134,"33":0,"34":8323,"35":6420,"36":25891,"37":481327,"38":64173,"39":6,"40":8323,"41":3556,"42":4767},"f":{"0":4740,"1":66,"2":66,"3":577811,"4":586134,"5":8323},"b":{"0":[0,3825,26,419,342,128],"1":[0,18,2,6,28,12],"2":[0,18,2,6,28,12],"3":[152,577659],"4":[0,8323,6420,25891,481327,64173],"5":[3556]}}
,"/home/sm/clones/cheminfo/netcdfjs/src/utils.ts": {"path":"/home/sm/clones/cheminfo/netcdfjs/src/utils.ts","statementMap":{"0":{"start":{"line":9,"column":2},"end":{"line":11,"column":null}},"1":{"start":{"line":10,"column":4},"end":{"line":10,"column":67}},"2":{"start":{"line":8,"column":0},"end":{"line":8,"column":16}},"3":{"start":{"line":19,"column":2},"end":{"line":21,"column":null}},"4":{"start":{"line":20,"column":4},"end":{"line":20,"column":41}},"5":{"start":{"line":18,"column":0},"end":{"line":18,"column":16}},"6":{"start":{"line":31,"column":21},"end":{"line":31,"column":40}},"7":{"start":{"line":32,"column":15},"end":{"line":32,"column":43}},"8":{"start":{"line":38,"column":2},"end":{"line":38,"column":18}},"9":{"start":{"line":39,"column":2},"end":{"line":39,"column":14}},"10":{"start":{"line":29,"column":0},"end":{"line":29,"column":16}}},"fnMap":{"0":{"name":"notNetcdf","decl":{"start":{"line":8,"column":16},"end":{"line":8,"column":25}},"loc":{"start":{"line":8,"column":60},"end":{"line":12,"column":1}}},"1":{"name":"padding","decl":{"start":{"line":18,"column":16},"end":{"line":18,"column":23}},"loc":{"start":{"line":18,"column":40},"end":{"line":22,"column":1}}},"2":{"name":"readName","decl":{"start":{"line":29,"column":16},"end":{"line":29,"column":24}},"loc":{"start":{"line":29,"column":41},"end":{"line":40,"column":1}}}},"branchMap":{"0":{"loc":{"start":{"line":9,"column":2},"end":{"line":11,"column":null}},"type":"if","locations":[{"start":{"line":9,"column":2},"end":{"line":11,"column":null}}]},"1":{"loc":{"start":{"line":19,"column":2},"end":{"line":21,"column":null}},"type":"if","locations":[{"start":{"line":19,"column":2},"end":{"line":21,"column":null}}]}},"s":{"0":5565,"1":1,"2":6,"3":8923,"4":6926,"5":6,"6":4935,"7":4935,"8":4935,"9":4935,"10":6},"f":{"0":5565,"1":8923,"2":4935},"b":{"0":[1],"1":[6926]}}
}
