{"/home/sm/clones/cheminfo/netcdfjs/src/data.ts": {"path":"/home/sm/clones/cheminfo/netcdfjs/src/data.ts","statementMap":{"0":{"start":{"line":4,"column":0},"end":{"line":4,"column":55}},"1":{"start":{"line":19,"column":15},"end":{"line":19,"column":37}},"2":{"start":{"line":22,"column":13},"end":{"line":22,"column":44}},"3":{"start":{"line":25,"column":13},"end":{"line":25,"column":28}},"4":{"start":{"line":26,"column":2},"end":{"line":28,"column":null}},"5":{"start":{"line":26,"column":15},"end":{"line":26,"column":16}},"6":{"start":{"line":27,"column":4},"end":{"line":27,"column":40}},"7":{"start":{"line":30,"column":2},"end":{"line":30,"column":14}},"8":{"start":{"line":14,"column":0},"end":{"line":14,"column":16}},"9":{"start":{"line":46,"column":15},"end":{"line":46,"column":37}},"10":{"start":{"line":47,"column":16},"end":{"line":47,"column":67}},"11":{"start":{"line":51,"column":13},"end":{"line":51,"column":35}},"12":{"start":{"line":54,"column":13},"end":{"line":54,"column":28}},"13":{"start":{"line":55,"column":15},"end":{"line":55,"column":41}},"14":{"start":{"line":56,"column":2},"end":{"line":64,"column":null}},"15":{"start":{"line":57,"column":4},"end":{"line":61,"column":null}},"16":{"start":{"line":57,"column":17},"end":{"line":57,"column":18}},"17":{"start":{"line":58,"column":26},"end":{"line":58,"column":39}},"18":{"start":{"line":59,"column":6},"end":{"line":59,"column":46}},"19":{"start":{"line":60,"column":6},"end":{"line":60,"column":40}},"20":{"start":{"line":63,"column":4},"end":{"line":63,"column":63}},"21":{"start":{"line":66,"column":2},"end":{"line":66,"column":14}},"22":{"start":{"line":40,"column":0},"end":{"line":40,"column":16}}},"fnMap":{"0":{"name":"nonRecord","decl":{"start":{"line":14,"column":16},"end":{"line":14,"column":25}},"loc":{"start":{"line":16,"column":39},"end":{"line":31,"column":1}}},"1":{"name":"record","decl":{"start":{"line":40,"column":16},"end":{"line":40,"column":22}},"loc":{"start":{"line":43,"column":44},"end":{"line":67,"column":1}}}},"branchMap":{"0":{"loc":{"start":{"line":47,"column":16},"end":{"line":47,"column":67}},"type":"cond-expr","locations":[{"start":{"line":47,"column":32},"end":{"line":47,"column":63}},{"start":{"line":47,"column":66},"end":{"line":47,"column":67}}]},"1":{"loc":{"start":{"line":56,"column":2},"end":{"line":64,"column":null}},"type":"if","locations":[{"start":{"line":56,"column":2},"end":{"line":64,"column":null}},{"start":{"line":62,"column":9},"end":{"line":64,"column":null}}]}},"s":{"0":5,"1":1,"2":1,"3":1,"4":1,"5":1,"6":32,"7":1,"8":5,"9":0,"10":0,"11":0,"12":0,"13":0,"14":0,"15":0,"16":0,"17":0,"18":0,"19":0,"20":0,"21":0,"22":5},"f":{"0":1,"1":0},"b":{"0":[0,0],"1":[0,0]}}
,"/home/sm/clones/cheminfo/netcdfjs/src/header.ts": {"path":"/home/sm/clones/cheminfo/netcdfjs/src/header.ts","statementMap":{"0":{"start":{"line":3,"column":0},"end":{"line":3,"column":44}},"1":{"start":{"line":4,"column":0},"end":{"line":4,"column":55}},"2":{"start":{"line":7,"column":13},"end":{"line":7,"column":14}},"3":{"start":{"line":8,"column":21},"end":{"line":8,"column":23}},"4":{"start":{"line":9,"column":20},"end":{"line":9,"column":22}},"5":{"start":{"line":10,"column":21},"end":{"line":10,"column":23}},"6":{"start":{"line":38,"column":34},"end":{"line":38,"column":36}},"7":{"start":{"line":40,"column":53},"end":{"line":42,"column":4}},"8":{"start":{"line":45,"column":18},"end":{"line":45,"column":40}},"9":{"start":{"line":46,"column":2},"end":{"line":48,"column":null}},"10":{"start":{"line":47,"column":4},"end":{"line":47,"column":44}},"11":{"start":{"line":50,"column":2},"end":{"line":50,"column":51}},"12":{"start":{"line":53,"column":20},"end":{"line":53,"column":71}},"13":{"start":{"line":54,"column":2},"end":{"line":57,"column":null}},"14":{"start":{"line":55,"column":4},"end":{"line":55,"column":43}},"15":{"start":{"line":56,"column":4},"end":{"line":56,"column":54}},"16":{"start":{"line":58,"column":2},"end":{"line":58,"column":43}},"17":{"start":{"line":60,"column":2},"end":{"line":60,"column":26}},"18":{"start":{"line":36,"column":0},"end":{"line":36,"column":16}},"19":{"start":{"line":63,"column":21},"end":{"line":63,"column":22}},"20":{"start":{"line":87,"column":38},"end":{"line":87,"column":40}},"21":{"start":{"line":90,"column":18},"end":{"line":90,"column":37}},"22":{"start":{"line":94,"column":2},"end":{"line":123,"column":null}},"23":{"start":{"line":95,"column":4},"end":{"line":98,"column":6}},"24":{"start":{"line":99,"column":4},"end":{"line":99,"column":14}},"25":{"start":{"line":101,"column":4},"end":{"line":101,"column":76}},"26":{"start":{"line":104,"column":26},"end":{"line":104,"column":45}},"27":{"start":{"line":105,"column":4},"end":{"line":105,"column":42}},"28":{"start":{"line":106,"column":4},"end":{"line":122,"column":null}},"29":{"start":{"line":106,"column":19},"end":{"line":106,"column":20}},"30":{"start":{"line":108,"column":19},"end":{"line":108,"column":35}},"31":{"start":{"line":111,"column":19},"end":{"line":111,"column":38}},"32":{"start":{"line":112,"column":6},"end":{"line":116,"column":null}},"33":{"start":{"line":114,"column":8},"end":{"line":114,"column":23}},"34":{"start":{"line":115,"column":8},"end":{"line":115,"column":26}},"35":{"start":{"line":118,"column":6},"end":{"line":121,"column":8}},"36":{"start":{"line":124,"column":2},"end":{"line":126,"column":null}},"37":{"start":{"line":125,"column":4},"end":{"line":125,"column":31}},"38":{"start":{"line":127,"column":2},"end":{"line":129,"column":null}},"39":{"start":{"line":128,"column":4},"end":{"line":128,"column":35}},"40":{"start":{"line":130,"column":2},"end":{"line":130,"column":33}},"41":{"start":{"line":131,"column":2},"end":{"line":131,"column":30}},"42":{"start":{"line":149,"column":19},"end":{"line":149,"column":38}},"43":{"start":{"line":151,"column":2},"end":{"line":184,"column":null}},"44":{"start":{"line":152,"column":4},"end":{"line":155,"column":6}},"45":{"start":{"line":156,"column":4},"end":{"line":156,"column":14}},"46":{"start":{"line":158,"column":4},"end":{"line":158,"column":77}},"47":{"start":{"line":161,"column":26},"end":{"line":161,"column":45}},"48":{"start":{"line":162,"column":4},"end":{"line":162,"column":42}},"49":{"start":{"line":163,"column":4},"end":{"line":183,"column":null}},"50":{"start":{"line":163,"column":20},"end":{"line":163,"column":21}},"51":{"start":{"line":165,"column":17},"end":{"line":165,"column":33}},"52":{"start":{"line":168,"column":17},"end":{"line":168,"column":36}},"53":{"start":{"line":169,"column":6},"end":{"line":169,"column":64}},"54":{"start":{"line":172,"column":17},"end":{"line":172,"column":36}},"55":{"start":{"line":173,"column":18},"end":{"line":173,"column":46}},"56":{"start":{"line":176,"column":6},"end":{"line":176,"column":22}},"57":{"start":{"line":178,"column":6},"end":{"line":182,"column":8}},"58":{"start":{"line":185,"column":2},"end":{"line":185,"column":20}},"59":{"start":{"line":220,"column":18},"end":{"line":220,"column":37}},"60":{"start":{"line":221,"column":19},"end":{"line":221,"column":20}},"61":{"start":{"line":223,"column":2},"end":{"line":283,"column":null}},"62":{"start":{"line":224,"column":4},"end":{"line":227,"column":6}},"63":{"start":{"line":228,"column":4},"end":{"line":228,"column":14}},"64":{"start":{"line":230,"column":4},"end":{"line":230,"column":74}},"65":{"start":{"line":233,"column":25},"end":{"line":233,"column":44}},"66":{"start":{"line":234,"column":4},"end":{"line":234,"column":40}},"67":{"start":{"line":235,"column":4},"end":{"line":282,"column":null}},"68":{"start":{"line":235,"column":17},"end":{"line":235,"column":18}},"69":{"start":{"line":237,"column":17},"end":{"line":237,"column":33}},"70":{"start":{"line":240,"column":29},"end":{"line":240,"column":48}},"71":{"start":{"line":243,"column":26},"end":{"line":243,"column":51}},"72":{"start":{"line":244,"column":6},"end":{"line":246,"column":null}},"73":{"start":{"line":244,"column":21},"end":{"line":244,"column":22}},"74":{"start":{"line":245,"column":8},"end":{"line":245,"column":49}},"75":{"start":{"line":249,"column":23},"end":{"line":249,"column":45}},"76":{"start":{"line":252,"column":17},"end":{"line":252,"column":36}},"77":{"start":{"line":253,"column":6},"end":{"line":253,"column":64}},"78":{"start":{"line":258,"column":22},"end":{"line":258,"column":41}},"79":{"start":{"line":261,"column":19},"end":{"line":261,"column":38}},"80":{"start":{"line":262,"column":6},"end":{"line":265,"column":null}},"81":{"start":{"line":263,"column":8},"end":{"line":263,"column":71}},"82":{"start":{"line":264,"column":8},"end":{"line":264,"column":37}},"83":{"start":{"line":267,"column":19},"end":{"line":267,"column":24}},"84":{"start":{"line":269,"column":6},"end":{"line":272,"column":null}},"85":{"start":{"line":270,"column":8},"end":{"line":270,"column":30}},"86":{"start":{"line":271,"column":8},"end":{"line":271,"column":22}},"87":{"start":{"line":273,"column":6},"end":{"line":281,"column":8}},"88":{"start":{"line":284,"column":2},"end":{"line":287,"column":4}}},"fnMap":{"0":{"name":"header","decl":{"start":{"line":36,"column":16},"end":{"line":36,"column":22}},"loc":{"start":{"line":36,"column":56},"end":{"line":61,"column":1}}},"1":{"name":"dimensionsList","decl":{"start":{"line":86,"column":9},"end":{"line":86,"column":23}},"loc":{"start":{"line":86,"column":40},"end":{"line":132,"column":1}}},"2":{"name":"attributesList","decl":{"start":{"line":148,"column":9},"end":{"line":148,"column":23}},"loc":{"start":{"line":148,"column":40},"end":{"line":186,"column":1}}},"3":{"name":"variablesList","decl":{"start":{"line":215,"column":9},"end":{"line":215,"column":22}},"loc":{"start":{"line":218,"column":17},"end":{"line":288,"column":1}}}},"branchMap":{"0":{"loc":{"start":{"line":46,"column":2},"end":{"line":48,"column":null}},"type":"if","locations":[{"start":{"line":46,"column":2},"end":{"line":48,"column":null}}]},"1":{"loc":{"start":{"line":54,"column":2},"end":{"line":57,"column":null}},"type":"if","locations":[{"start":{"line":54,"column":2},"end":{"line":57,"column":null}}]},"2":{"loc":{"start":{"line":94,"column":2},"end":{"line":123,"column":null}},"type":"if","locations":[{"start":{"line":94,"column":2},"end":{"line":123,"column":null}},{"start":{"line":100,"column":9},"end":{"line":123,"column":null}}]},"3":{"loc":{"start":{"line":112,"column":6},"end":{"line":116,"column":null}},"type":"if","locations":[{"start":{"line":112,"column":6},"end":{"line":116,"column":null}}]},"4":{"loc":{"start":{"line":124,"column":2},"end":{"line":126,"column":null}},"type":"if","locations":[{"start":{"line":124,"column":2},"end":{"line":126,"column":null}}]},"5":{"loc":{"start":{"line":127,"column":2},"end":{"line":129,"column":null}},"type":"if","locations":[{"start":{"line":127,"column":2},"end":{"line":129,"column":null}}]},"6":{"loc":{"start":{"line":151,"column":2},"end":{"line":184,"column":null}},"type":"if","locations":[{"start":{"line":151,"column":2},"end":{"line":184,"column":null}},{"start":{"line":157,"column":9},"end":{"line":184,"column":null}}]},"7":{"loc":{"start":{"line":169,"column":16},"end":{"line":169,"column":36}},"type":"binary-expr","locations":[{"start":{"line":169,"column":16},"end":{"line":169,"column":24}},{"start":{"line":169,"column":28},"end":{"line":169,"column":36}}]},"8":{"loc":{"start":{"line":223,"column":2},"end":{"line":283,"column":null}},"type":"if","locations":[{"start":{"line":223,"column":2},"end":{"line":283,"column":null}},{"start":{"line":229,"column":9},"end":{"line":283,"column":null}}]},"9":{"loc":{"start":{"line":253,"column":16},"end":{"line":253,"column":36}},"type":"binary-expr","locations":[{"start":{"line":253,"column":16},"end":{"line":253,"column":24}},{"start":{"line":253,"column":28},"end":{"line":253,"column":36}}]},"10":{"loc":{"start":{"line":262,"column":6},"end":{"line":265,"column":null}},"type":"if","locations":[{"start":{"line":262,"column":6},"end":{"line":265,"column":null}}]},"11":{"loc":{"start":{"line":269,"column":6},"end":{"line":272,"column":null}},"type":"if","locations":[{"start":{"line":269,"column":6},"end":{"line":272,"column":null}}]},"12":{"loc":{"start":{"line":269,"column":10},"end":{"line":269,"column":74}},"type":"binary-expr","locations":[{"start":{"line":269,"column":10},"end":{"line":269,"column":41}},{"start":{"line":269,"column":45},"end":{"line":269,"column":74}}]}},"s":{"0":5,"1":5,"2":5,"3":5,"4":5,"5":5,"6":5,"7":5,"8":5,"9":5,"10":5,"11":5,"12":5,"13":5,"14":5,"15":5,"16":5,"17":5,"18":5,"19":5,"20":5,"21":5,"22":5,"23":0,"24":0,"25":5,"26":5,"27":5,"28":5,"29":5,"30":65,"31":65,"32":65,"33":5,"34":5,"35":65,"36":5,"37":5,"38":5,"39":5,"40":5,"41":5,"42":150,"43":150,"44":125,"45":125,"46":25,"47":25,"48":25,"49":25,"50":25,"51":175,"52":175,"53":175,"54":175,"55":175,"56":175,"57":175,"58":25,"59":5,"60":5,"61":5,"62":0,"63":0,"64":5,"65":5,"66":5,"67":5,"68":5,"69":145,"70":145,"71":145,"72":145,"73":145,"74":200,"75":145,"76":145,"77":145,"78":145,"79":145,"80":145,"81":0,"82":0,"83":145,"84":145,"85":0,"86":0,"87":145,"88":5},"f":{"0":5,"1":5,"2":150,"3":5},"b":{"0":[5],"1":[5],"2":[0,5],"3":[5],"4":[5],"5":[5],"6":[125,25],"7":[175,175],"8":[0,5],"9":[145,0],"10":[0],"11":[0],"12":[145,0]}}
,"/home/sm/clones/cheminfo/netcdfjs/src/index.ts": {"path":"/home/sm/clones/cheminfo/netcdfjs/src/index.ts","statementMap":{"0":{"start":{"line":1,"column":0},"end":{"line":1,"column":36}},"1":{"start":{"line":3,"column":0},"end":{"line":3,"column":43}},"2":{"start":{"line":4,"column":0},"end":{"line":4,"column":42}},"3":{"start":{"line":5,"column":0},"end":{"line":5,"column":38}},"4":{"start":{"line":6,"column":0},"end":{"line":6,"column":36}},"5":{"start":{"line":19,"column":19},"end":{"line":19,"column":37}},"6":{"start":{"line":20,"column":4},"end":{"line":20,"column":26}},"7":{"start":{"line":23,"column":4},"end":{"line":23,"column":70}},"8":{"start":{"line":26,"column":20},"end":{"line":26,"column":37}},"9":{"start":{"line":27,"column":4},"end":{"line":27,"column":46}},"10":{"start":{"line":30,"column":4},"end":{"line":30,"column":42}},"11":{"start":{"line":31,"column":4},"end":{"line":31,"column":25}},"12":{"start":{"line":38,"column":4},"end":{"line":42,"column":null}},"13":{"start":{"line":39,"column":6},"end":{"line":39,"column":30}},"14":{"start":{"line":41,"column":6},"end":{"line":41,"column":36}},"15":{"start":{"line":53,"column":4},"end":{"line":53,"column":39}},"16":{"start":{"line":62,"column":4},"end":{"line":62,"column":34}},"17":{"start":{"line":72,"column":4},"end":{"line":72,"column":40}},"18":{"start":{"line":81,"column":22},"end":{"line":82,"column":null}},"19":{"start":{"line":82,"column":15},"end":{"line":82,"column":41}},"20":{"start":{"line":84,"column":4},"end":{"line":84,"column":42}},"21":{"start":{"line":84,"column":19},"end":{"line":84,"column":42}},"22":{"start":{"line":85,"column":4},"end":{"line":85,"column":16}},"23":{"start":{"line":94,"column":21},"end":{"line":94,"column":55}},"24":{"start":{"line":95,"column":4},"end":{"line":95,"column":43}},"25":{"start":{"line":95,"column":18},"end":{"line":95,"column":43}},"26":{"start":{"line":96,"column":4},"end":{"line":96,"column":16}},"27":{"start":{"line":100,"column":4},"end":{"line":100,"column":33}},"28":{"start":{"line":104,"column":4},"end":{"line":104,"column":31}},"29":{"start":{"line":114,"column":4},"end":{"line":121,"column":null}},"30":{"start":{"line":116,"column":6},"end":{"line":118,"column":9}},"31":{"start":{"line":117,"column":8},"end":{"line":117,"column":41}},"32":{"start":{"line":120,"column":6},"end":{"line":120,"column":30}},"33":{"start":{"line":124,"column":4},"end":{"line":126,"column":null}},"34":{"start":{"line":125,"column":6},"end":{"line":125,"column":71}},"35":{"start":{"line":129,"column":4},"end":{"line":129,"column":38}},"36":{"start":{"line":131,"column":4},"end":{"line":137,"column":null}},"37":{"start":{"line":133,"column":6},"end":{"line":133,"column":72}},"38":{"start":{"line":136,"column":6},"end":{"line":136,"column":46}},"39":{"start":{"line":146,"column":21},"end":{"line":148,"column":6}},"40":{"start":{"line":147,"column":6},"end":{"line":147,"column":39}},"41":{"start":{"line":149,"column":4},"end":{"line":149,"column":34}},"42":{"start":{"line":158,"column":22},"end":{"line":159,"column":null}},"43":{"start":{"line":159,"column":15},"end":{"line":159,"column":41}},"44":{"start":{"line":161,"column":4},"end":{"line":161,"column":35}},"45":{"start":{"line":14,"column":0},"end":{"line":14,"column":13}}},"fnMap":{"0":{"name":"(anonymous_0)","decl":{"start":{"line":18,"column":2},"end":{"line":18,"column":14}},"loc":{"start":{"line":18,"column":31},"end":{"line":32,"column":3}}},"1":{"name":"(anonymous_1)","decl":{"start":{"line":37,"column":2},"end":{"line":37,"column":6}},"loc":{"start":{"line":37,"column":13},"end":{"line":43,"column":3}}},"2":{"name":"(anonymous_2)","decl":{"start":{"line":52,"column":2},"end":{"line":52,"column":6}},"loc":{"start":{"line":52,"column":21},"end":{"line":54,"column":3}}},"3":{"name":"(anonymous_3)","decl":{"start":{"line":61,"column":2},"end":{"line":61,"column":6}},"loc":{"start":{"line":61,"column":16},"end":{"line":63,"column":3}}},"4":{"name":"(anonymous_4)","decl":{"start":{"line":71,"column":2},"end":{"line":71,"column":6}},"loc":{"start":{"line":71,"column":22},"end":{"line":73,"column":3}}},"5":{"name":"(anonymous_5)","decl":{"start":{"line":80,"column":2},"end":{"line":80,"column":14}},"loc":{"start":{"line":80,"column":36},"end":{"line":86,"column":3}}},"6":{"name":"(anonymous_6)","decl":{"start":{"line":82,"column":6},"end":{"line":82,"column":7}},"loc":{"start":{"line":82,"column":15},"end":{"line":82,"column":41}}},"7":{"name":"(anonymous_7)","decl":{"start":{"line":93,"column":2},"end":{"line":93,"column":25}},"loc":{"start":{"line":93,"column":46},"end":{"line":97,"column":3}}},"8":{"name":"(anonymous_8)","decl":{"start":{"line":99,"column":2},"end":{"line":99,"column":6}},"loc":{"start":{"line":99,"column":15},"end":{"line":101,"column":3}}},"9":{"name":"(anonymous_9)","decl":{"start":{"line":103,"column":2},"end":{"line":103,"column":10}},"loc":{"start":{"line":103,"column":10},"end":{"line":105,"column":3}}},"10":{"name":"(anonymous_10)","decl":{"start":{"line":112,"column":2},"end":{"line":112,"column":17}},"loc":{"start":{"line":112,"column":68},"end":{"line":138,"column":3}}},"11":{"name":"(anonymous_11)","decl":{"start":{"line":116,"column":44},"end":{"line":116,"column":45}},"loc":{"start":{"line":116,"column":52},"end":{"line":118,"column":7}}},"12":{"name":"(anonymous_12)","decl":{"start":{"line":145,"column":2},"end":{"line":145,"column":20}},"loc":{"start":{"line":145,"column":41},"end":{"line":150,"column":3}}},"13":{"name":"(anonymous_13)","decl":{"start":{"line":146,"column":48},"end":{"line":146,"column":49}},"loc":{"start":{"line":146,"column":56},"end":{"line":148,"column":5}}},"14":{"name":"(anonymous_14)","decl":{"start":{"line":157,"column":2},"end":{"line":157,"column":17}},"loc":{"start":{"line":157,"column":39},"end":{"line":162,"column":3}}},"15":{"name":"(anonymous_15)","decl":{"start":{"line":159,"column":6},"end":{"line":159,"column":7}},"loc":{"start":{"line":159,"column":15},"end":{"line":159,"column":41}}}},"branchMap":{"0":{"loc":{"start":{"line":38,"column":4},"end":{"line":42,"column":null}},"type":"if","locations":[{"start":{"line":38,"column":4},"end":{"line":42,"column":null}},{"start":{"line":40,"column":11},"end":{"line":42,"column":null}}]},"1":{"loc":{"start":{"line":84,"column":4},"end":{"line":84,"column":42}},"type":"if","locations":[{"start":{"line":84,"column":4},"end":{"line":84,"column":42}}]},"2":{"loc":{"start":{"line":95,"column":4},"end":{"line":95,"column":43}},"type":"if","locations":[{"start":{"line":95,"column":4},"end":{"line":95,"column":43}}]},"3":{"loc":{"start":{"line":114,"column":4},"end":{"line":121,"column":null}},"type":"if","locations":[{"start":{"line":114,"column":4},"end":{"line":121,"column":null}},{"start":{"line":119,"column":11},"end":{"line":121,"column":null}}]},"4":{"loc":{"start":{"line":124,"column":4},"end":{"line":126,"column":null}},"type":"if","locations":[{"start":{"line":124,"column":4},"end":{"line":126,"column":null}}]},"5":{"loc":{"start":{"line":131,"column":4},"end":{"line":137,"column":null}},"type":"if","locations":[{"start":{"line":131,"column":4},"end":{"line":137,"column":null}},{"start":{"line":134,"column":11},"end":{"line":137,"column":null}}]}},"s":{"0":5,"1":5,"2":5,"3":5,"4":5,"5":5,"6":5,"7":5,"8":5,"9":5,"10":5,"11":5,"12":0,"13":0,"14":0,"15":0,"16":2,"17":3,"18":1,"19":10,"20":1,"21":1,"22":0,"23":1,"24":1,"25":1,"26":0,"27":0,"28":1,"29":1,"30":1,"31":20,"32":0,"33":1,"34":0,"35":1,"36":1,"37":0,"38":1,"39":2,"40":49,"41":2,"42":2,"43":37,"44":2,"45":5},"f":{"0":5,"1":0,"2":0,"3":2,"4":3,"5":1,"6":10,"7":1,"8":0,"9":1,"10":1,"11":20,"12":2,"13":49,"14":2,"15":37},"b":{"0":[0,0],"1":[1],"2":[1],"3":[1,0],"4":[0],"5":[0,1]}}
,"/home/sm/clones/cheminfo/netcdfjs/src/toString.ts": {"path":"/home/sm/clones/cheminfo/netcdfjs/src/toString.ts","statementMap":{"0":{"start":{"line":4,"column":15},"end":{"line":4,"column":17}},"1":{"start":{"line":5,"column":2},"end":{"line":5,"column":31}},"2":{"start":{"line":6,"column":2},"end":{"line":6,"column":28}},"3":{"start":{"line":7,"column":2},"end":{"line":9,"column":null}},"4":{"start":{"line":8,"column":4},"end":{"line":8,"column":76}},"5":{"start":{"line":11,"column":2},"end":{"line":11,"column":18}},"6":{"start":{"line":12,"column":2},"end":{"line":12,"column":35}},"7":{"start":{"line":13,"column":2},"end":{"line":15,"column":null}},"8":{"start":{"line":14,"column":4},"end":{"line":14,"column":71}},"9":{"start":{"line":17,"column":18},"end":{"line":17,"column":60}},"10":{"start":{"line":18,"column":2},"end":{"line":18,"column":18}},"11":{"start":{"line":19,"column":2},"end":{"line":19,"column":28}},"12":{"start":{"line":20,"column":2},"end":{"line":28,"column":null}},"13":{"start":{"line":21,"column":4},"end":{"line":21,"column":52}},"14":{"start":{"line":22,"column":20},"end":{"line":22,"column":50}},"15":{"start":{"line":23,"column":4},"end":{"line":23,"column":70}},"16":{"start":{"line":23,"column":31},"end":{"line":23,"column":70}},"17":{"start":{"line":24,"column":4},"end":{"line":26,"column":null}},"18":{"start":{"line":25,"column":6},"end":{"line":25,"column":57}},"19":{"start":{"line":27,"column":4},"end":{"line":27,"column":64}},"20":{"start":{"line":29,"column":2},"end":{"line":29,"column":27}},"21":{"start":{"line":3,"column":0},"end":{"line":3,"column":16}}},"fnMap":{"0":{"name":"toString","decl":{"start":{"line":3,"column":16},"end":{"line":3,"column":24}},"loc":{"start":{"line":3,"column":24},"end":{"line":30,"column":1}}}},"branchMap":{"0":{"loc":{"start":{"line":23,"column":4},"end":{"line":23,"column":70}},"type":"if","locations":[{"start":{"line":23,"column":4},"end":{"line":23,"column":70}}]},"1":{"loc":{"start":{"line":24,"column":4},"end":{"line":26,"column":null}},"type":"if","locations":[{"start":{"line":24,"column":4},"end":{"line":26,"column":null}}]}},"s":{"0":1,"1":1,"2":1,"3":1,"4":0,"5":0,"6":0,"7":0,"8":0,"9":0,"10":0,"11":0,"12":0,"13":0,"14":0,"15":0,"16":0,"17":0,"18":0,"19":0,"20":0,"21":5},"f":{"0":1},"b":{"0":[0],"1":[0]}}
,"/home/sm/clones/cheminfo/netcdfjs/src/types.ts": {"path":"/home/sm/clones/cheminfo/netcdfjs/src/types.ts","statementMap":{"0":{"start":{"line":3,"column":14},"end":{"line":10,"column":2}},"1":{"start":{"line":19,"column":2},"end":{"line":35,"column":null}},"2":{"start":{"line":21,"column":6},"end":{"line":21,"column":20}},"3":{"start":{"line":23,"column":6},"end":{"line":23,"column":20}},"4":{"start":{"line":25,"column":6},"end":{"line":25,"column":21}},"5":{"start":{"line":27,"column":6},"end":{"line":27,"column":19}},"6":{"start":{"line":29,"column":6},"end":{"line":29,"column":21}},"7":{"start":{"line":31,"column":6},"end":{"line":31,"column":22}},"8":{"start":{"line":18,"column":0},"end":{"line":18,"column":16}},"9":{"start":{"line":45,"column":2},"end":{"line":61,"column":null}},"10":{"start":{"line":47,"column":6},"end":{"line":47,"column":15}},"11":{"start":{"line":49,"column":6},"end":{"line":49,"column":15}},"12":{"start":{"line":51,"column":6},"end":{"line":51,"column":15}},"13":{"start":{"line":53,"column":6},"end":{"line":53,"column":15}},"14":{"start":{"line":55,"column":6},"end":{"line":55,"column":15}},"15":{"start":{"line":57,"column":6},"end":{"line":57,"column":15}},"16":{"start":{"line":44,"column":0},"end":{"line":44,"column":16}},"17":{"start":{"line":71,"column":2},"end":{"line":87,"column":null}},"18":{"start":{"line":73,"column":6},"end":{"line":73,"column":24}},"19":{"start":{"line":75,"column":6},"end":{"line":75,"column":24}},"20":{"start":{"line":77,"column":6},"end":{"line":77,"column":25}},"21":{"start":{"line":79,"column":6},"end":{"line":79,"column":23}},"22":{"start":{"line":81,"column":6},"end":{"line":81,"column":25}},"23":{"start":{"line":83,"column":6},"end":{"line":83,"column":26}},"24":{"start":{"line":70,"column":0},"end":{"line":70,"column":16}},"25":{"start":{"line":101,"column":2},"end":{"line":109,"column":null}},"26":{"start":{"line":102,"column":18},"end":{"line":102,"column":33}},"27":{"start":{"line":103,"column":4},"end":{"line":105,"column":null}},"28":{"start":{"line":103,"column":17},"end":{"line":103,"column":18}},"29":{"start":{"line":104,"column":6},"end":{"line":104,"column":34}},"30":{"start":{"line":106,"column":4},"end":{"line":106,"column":19}},"31":{"start":{"line":108,"column":4},"end":{"line":108,"column":26}},"32":{"start":{"line":125,"column":2},"end":{"line":141,"column":null}},"33":{"start":{"line":127,"column":6},"end":{"line":127,"column":48}},"34":{"start":{"line":129,"column":6},"end":{"line":129,"column":46}},"35":{"start":{"line":131,"column":6},"end":{"line":131,"column":61}},"36":{"start":{"line":133,"column":6},"end":{"line":133,"column":61}},"37":{"start":{"line":135,"column":6},"end":{"line":135,"column":63}},"38":{"start":{"line":137,"column":6},"end":{"line":137,"column":63}},"39":{"start":{"line":120,"column":0},"end":{"line":120,"column":16}},"40":{"start":{"line":151,"column":2},"end":{"line":153,"column":null}},"41":{"start":{"line":152,"column":4},"end":{"line":152,"column":48}},"42":{"start":{"line":154,"column":2},"end":{"line":154,"column":15}}},"fnMap":{"0":{"name":"num2str","decl":{"start":{"line":18,"column":16},"end":{"line":18,"column":23}},"loc":{"start":{"line":18,"column":36},"end":{"line":36,"column":1}}},"1":{"name":"num2bytes","decl":{"start":{"line":44,"column":16},"end":{"line":44,"column":25}},"loc":{"start":{"line":44,"column":38},"end":{"line":62,"column":1}}},"2":{"name":"str2num","decl":{"start":{"line":70,"column":16},"end":{"line":70,"column":23}},"loc":{"start":{"line":70,"column":36},"end":{"line":88,"column":1}}},"3":{"name":"readNumber","decl":{"start":{"line":97,"column":9},"end":{"line":97,"column":19}},"loc":{"start":{"line":99,"column":28},"end":{"line":110,"column":1}}},"4":{"name":"readType","decl":{"start":{"line":120,"column":16},"end":{"line":120,"column":24}},"loc":{"start":{"line":123,"column":14},"end":{"line":142,"column":1}}},"5":{"name":"trimNull","decl":{"start":{"line":150,"column":9},"end":{"line":150,"column":17}},"loc":{"start":{"line":150,"column":31},"end":{"line":155,"column":1}}}},"branchMap":{"0":{"loc":{"start":{"line":19,"column":2},"end":{"line":35,"column":null}},"type":"switch","locations":[{"start":{"line":20,"column":4},"end":{"line":21,"column":20}},{"start":{"line":22,"column":4},"end":{"line":23,"column":20}},{"start":{"line":24,"column":4},"end":{"line":25,"column":21}},{"start":{"line":26,"column":4},"end":{"line":27,"column":19}},{"start":{"line":28,"column":4},"end":{"line":29,"column":21}},{"start":{"line":30,"column":4},"end":{"line":31,"column":22}}]},"1":{"loc":{"start":{"line":45,"column":2},"end":{"line":61,"column":null}},"type":"switch","locations":[{"start":{"line":46,"column":4},"end":{"line":47,"column":15}},{"start":{"line":48,"column":4},"end":{"line":49,"column":15}},{"start":{"line":50,"column":4},"end":{"line":51,"column":15}},{"start":{"line":52,"column":4},"end":{"line":53,"column":15}},{"start":{"line":54,"column":4},"end":{"line":55,"column":15}},{"start":{"line":56,"column":4},"end":{"line":57,"column":15}}]},"2":{"loc":{"start":{"line":71,"column":2},"end":{"line":87,"column":null}},"type":"switch","locations":[{"start":{"line":72,"column":4},"end":{"line":73,"column":24}},{"start":{"line":74,"column":4},"end":{"line":75,"column":24}},{"start":{"line":76,"column":4},"end":{"line":77,"column":25}},{"start":{"line":78,"column":4},"end":{"line":79,"column":23}},{"start":{"line":80,"column":4},"end":{"line":81,"column":25}},{"start":{"line":82,"column":4},"end":{"line":83,"column":26}}]},"3":{"loc":{"start":{"line":101,"column":2},"end":{"line":109,"column":null}},"type":"if","locations":[{"start":{"line":101,"column":2},"end":{"line":109,"column":null}},{"start":{"line":107,"column":9},"end":{"line":109,"column":null}}]},"4":{"loc":{"start":{"line":125,"column":2},"end":{"line":141,"column":null}},"type":"switch","locations":[{"start":{"line":126,"column":4},"end":{"line":127,"column":48}},{"start":{"line":128,"column":4},"end":{"line":129,"column":46}},{"start":{"line":130,"column":4},"end":{"line":131,"column":61}},{"start":{"line":132,"column":4},"end":{"line":133,"column":61}},{"start":{"line":134,"column":4},"end":{"line":135,"column":63}},{"start":{"line":136,"column":4},"end":{"line":137,"column":63}}]},"5":{"loc":{"start":{"line":151,"column":2},"end":{"line":153,"column":null}},"type":"if","locations":[{"start":{"line":151,"column":2},"end":{"line":153,"column":null}}]}},"s":{"0":5,"1":320,"2":0,"3":200,"4":5,"5":30,"6":15,"7":70,"8":5,"9":1,"10":0,"11":1,"12":0,"13":0,"14":0,"15":0,"16":5,"17":1,"18":0,"19":1,"20":0,"21":0,"22":0,"23":0,"24":5,"25":30,"26":0,"27":0,"28":0,"29":0,"30":0,"31":30,"32":207,"33":0,"34":177,"35":0,"36":10,"37":0,"38":20,"39":5,"40":177,"41":160,"42":17},"f":{"0":320,"1":1,"2":1,"3":30,"4":207,"5":177},"b":{"0":[0,200,5,30,15,70],"1":[0,1,0,0,0,0],"2":[0,1,0,0,0,0],"3":[0,30],"4":[0,177,0,10,0,20],"5":[160]}}
,"/home/sm/clones/cheminfo/netcdfjs/src/utils.ts": {"path":"/home/sm/clones/cheminfo/netcdfjs/src/utils.ts","statementMap":{"0":{"start":{"line":9,"column":2},"end":{"line":11,"column":null}},"1":{"start":{"line":10,"column":4},"end":{"line":10,"column":67}},"2":{"start":{"line":8,"column":0},"end":{"line":8,"column":16}},"3":{"start":{"line":19,"column":2},"end":{"line":21,"column":null}},"4":{"start":{"line":20,"column":4},"end":{"line":20,"column":41}},"5":{"start":{"line":18,"column":0},"end":{"line":18,"column":16}},"6":{"start":{"line":31,"column":19},"end":{"line":31,"column":38}},"7":{"start":{"line":32,"column":13},"end":{"line":32,"column":41}},"8":{"start":{"line":38,"column":2},"end":{"line":38,"column":18}},"9":{"start":{"line":39,"column":2},"end":{"line":39,"column":14}},"10":{"start":{"line":29,"column":0},"end":{"line":29,"column":16}}},"fnMap":{"0":{"name":"notNetcdf","decl":{"start":{"line":8,"column":16},"end":{"line":8,"column":25}},"loc":{"start":{"line":8,"column":60},"end":{"line":12,"column":1}}},"1":{"name":"padding","decl":{"start":{"line":18,"column":16},"end":{"line":18,"column":23}},"loc":{"start":{"line":18,"column":40},"end":{"line":22,"column":1}}},"2":{"name":"readName","decl":{"start":{"line":29,"column":16},"end":{"line":29,"column":24}},"loc":{"start":{"line":29,"column":41},"end":{"line":40,"column":1}}}},"branchMap":{"0":{"loc":{"start":{"line":9,"column":2},"end":{"line":11,"column":null}},"type":"if","locations":[{"start":{"line":9,"column":2},"end":{"line":11,"column":null}}]},"1":{"loc":{"start":{"line":19,"column":2},"end":{"line":21,"column":null}},"type":"if","locations":[{"start":{"line":19,"column":2},"end":{"line":21,"column":null}}]}},"s":{"0":490,"1":0,"2":5,"3":560,"4":380,"5":5,"6":385,"7":385,"8":385,"9":385,"10":5},"f":{"0":490,"1":560,"2":385},"b":{"0":[0],"1":[380]}}
}
