TN:
SF:src/data.js
FN:12,nonRecord
FN:36,record
FNF:2
FNH:2
FNDA:57,nonRecord
FNDA:9,record
DA:14,57
DA:17,57
DA:20,57
DA:21,57
DA:22,110120
DA:25,57
DA:38,9
DA:39,9
DA:43,9
DA:46,9
DA:47,9
DA:49,9
DA:50,472026
DA:51,472026
DA:52,472026
DA:55,9
LF:16
LH:16
BRDA:39,0,0,9
BRDA:39,0,1,0
BRF:2
BRH:1
end_of_record
TN:
SF:src/header.js
FN:21,header
FN:59,dimensionsList
FN:109,attributesList
FN:166,variablesList
FNF:4
FNH:4
FNDA:13,header
FNDA:13,dimensionsList
FNDA:765,attributesList
FNDA:13,variablesList
DA:5,6
DA:6,6
DA:7,6
DA:8,6
DA:24,13
DA:27,13
DA:30,13
DA:31,13
DA:32,13
DA:33,13
DA:36,13
DA:39,13
DA:40,13
DA:41,13
DA:43,13
DA:46,6
DA:61,13
DA:63,13
DA:64,0
DA:68,0
DA:70,13
DA:73,13
DA:74,13
DA:75,13
DA:77,195
DA:80,195
DA:81,195
DA:83,12
DA:84,12
DA:87,195
DA:93,13
DA:110,765
DA:112,765
DA:113,151
DA:117,151
DA:119,614
DA:122,614
DA:123,614
DA:124,614
DA:126,3988
DA:129,3988
DA:130,3988
DA:133,3988
DA:134,3988
DA:137,3988
DA:139,3988
DA:146,614
DA:167,13
DA:168,13
DA:170,13
DA:171,0
DA:175,0
DA:177,13
DA:180,13
DA:181,13
DA:182,13
DA:184,752
DA:187,752
DA:190,752
DA:191,752
DA:192,924
DA:196,752
DA:199,752
DA:200,752
DA:205,752
DA:208,752
DA:209,752
DA:210,7
DA:211,7
DA:214,752
DA:216,752
DA:217,544
DA:218,544
DA:220,752
DA:232,13
LF:75
LH:71
BRDA:63,0,0,0
BRDA:63,0,1,13
BRDA:81,1,0,12
BRDA:81,1,1,183
BRDA:112,2,0,151
BRDA:112,2,1,614
BRDA:130,3,0,3988
BRDA:130,3,1,3988
BRDA:170,4,0,0
BRDA:170,4,1,13
BRDA:200,5,0,752
BRDA:200,5,1,0
BRDA:209,6,0,7
BRDA:209,6,1,745
BRDA:216,7,0,544
BRDA:216,7,1,208
BRDA:216,8,0,752
BRDA:216,8,1,728
BRF:18
BRH:15
end_of_record
TN:
SF:src/index.js
FN:15,(anonymous_0)
FN:34,(anonymous_1)
FN:49,(anonymous_2)
FN:58,(anonymous_3)
FN:68,(anonymous_4)
FN:77,(anonymous_5)
FN:79,(anonymous_6)
FN:90,(anonymous_7)
FN:106,(anonymous_8)
FN:110,(anonymous_9)
FN:119,(anonymous_10)
FN:123,(anonymous_11)
FN:150,(anonymous_12)
FN:151,(anonymous_13)
FN:162,(anonymous_14)
FN:164,(anonymous_15)
FNF:16
FNH:16
FNDA:14,(anonymous_0)
FNDA:3,(anonymous_1)
FNDA:1,(anonymous_2)
FNDA:2,(anonymous_3)
FNDA:6,(anonymous_4)
FNDA:1,(anonymous_5)
FNDA:10,(anonymous_6)
FNDA:1,(anonymous_7)
FNDA:5,(anonymous_8)
FNDA:1,(anonymous_9)
FNDA:67,(anonymous_10)
FNDA:175,(anonymous_11)
FNDA:2,(anonymous_12)
FNDA:49,(anonymous_13)
FNDA:2,(anonymous_14)
FNDA:37,(anonymous_15)
DA:16,14
DA:17,14
DA:20,14
DA:23,13
DA:24,13
DA:27,13
DA:28,13
DA:35,3
DA:36,2
DA:38,1
DA:50,1
DA:59,2
DA:69,6
DA:78,1
DA:79,10
DA:81,1
DA:82,0
DA:91,1
DA:92,1
DA:93,0
DA:107,5
DA:111,1
DA:121,67
DA:123,13
DA:124,175
DA:127,54
DA:131,67
DA:134,66
DA:136,66
DA:138,9
DA:141,57
DA:151,2
DA:152,49
DA:154,2
DA:163,2
DA:164,37
DA:166,2
LF:37
LH:35
BRDA:35,0,0,2
BRDA:35,0,1,1
BRDA:81,1,0,1
BRDA:81,1,1,0
BRDA:92,2,0,1
BRDA:92,2,1,0
BRDA:121,3,0,13
BRDA:121,3,1,54
BRDA:136,4,0,9
BRDA:136,4,1,57
BRF:10
BRH:8
end_of_record
TN:
SF:src/toString.js
FN:1,toString
FNF:1
FNH:1
FNDA:1,toString
DA:2,1
DA:4,1
DA:5,1
DA:6,13
DA:9,1
DA:10,1
DA:11,1
DA:12,27
DA:15,1
DA:16,1
DA:17,1
DA:18,1
DA:19,29
DA:20,29
DA:21,29
DA:22,29
DA:23,29
DA:25,29
DA:27,1
LF:19
LH:19
BRDA:21,0,0,29
BRDA:21,0,1,0
BRDA:22,1,0,29
BRDA:22,1,1,0
BRF:4
BRH:2
end_of_record
TN:
SF:src/types.js
FN:18,num2str
FN:44,num2bytes
FN:70,str2num
FN:97,readNumber
FN:117,readType
FN:144,trimNull
FNF:6
FNH:6
FNDA:4740,num2str
FNDA:66,num2bytes
FNDA:66,str2num
FNDA:577811,readNumber
FNDA:586134,readType
FNDA:8323,trimNull
DA:3,6
DA:19,4740
DA:21,0
DA:23,3825
DA:25,26
DA:27,419
DA:29,342
DA:31,128
DA:45,66
DA:47,0
DA:49,18
DA:51,2
DA:53,6
DA:55,28
DA:57,12
DA:71,66
DA:73,0
DA:75,18
DA:77,2
DA:79,6
DA:81,28
DA:83,12
DA:98,577811
DA:99,152
DA:100,152
DA:101,147010
DA:103,152
DA:105,577659
DA:118,586134
DA:120,0
DA:122,8323
DA:124,6420
DA:126,25891
DA:128,481327
DA:130,64173
DA:145,8323
DA:146,3556
DA:148,4767
LF:38
LH:34
BRDA:19,0,0,0
BRDA:19,0,1,3825
BRDA:19,0,2,26
BRDA:19,0,3,419
BRDA:19,0,4,342
BRDA:19,0,5,128
BRDA:45,1,0,0
BRDA:45,1,1,18
BRDA:45,1,2,2
BRDA:45,1,3,6
BRDA:45,1,4,28
BRDA:45,1,5,12
BRDA:71,2,0,0
BRDA:71,2,1,18
BRDA:71,2,2,2
BRDA:71,2,3,6
BRDA:71,2,4,28
BRDA:71,2,5,12
BRDA:98,3,0,152
BRDA:98,3,1,577659
BRDA:118,4,0,0
BRDA:118,4,1,8323
BRDA:118,4,2,6420
BRDA:118,4,3,25891
BRDA:118,4,4,481327
BRDA:118,4,5,64173
BRDA:145,5,0,3556
BRDA:145,5,1,4767
BRF:28
BRH:24
end_of_record
TN:
SF:src/utils.js
FN:7,notNetcdf
FN:18,padding
FN:30,readName
FNF:3
FNH:3
FNDA:5632,notNetcdf
FNDA:8923,padding
FNDA:4935,readName
DA:8,5632
DA:9,2
DA:19,8923
DA:20,6926
DA:32,4935
DA:33,4935
DA:39,4935
DA:40,4935
LF:8
LH:8
BRDA:8,0,0,2
BRDA:8,0,1,5630
BRDA:19,1,0,6926
BRDA:19,1,1,1997
BRF:4
BRH:4
end_of_record
