TN:
SF:src/data.ts
FN:14,nonRecord
FN:40,record
FNF:2
FNH:1
FNDA:1,nonRecord
FNDA:0,record
DA:4,5
DA:14,5
DA:19,1
DA:22,1
DA:25,1
DA:26,1
DA:27,32
DA:30,1
DA:40,5
DA:46,0
DA:47,0
DA:51,0
DA:54,0
DA:55,0
DA:56,0
DA:57,0
DA:58,0
DA:59,0
DA:60,0
DA:63,0
DA:66,0
LF:21
LH:9
BRDA:47,0,0,0
BRDA:47,0,1,0
BRDA:56,1,0,0
BRDA:56,1,1,0
BRF:4
BRH:0
end_of_record
TN:
SF:src/header.ts
FN:36,header
FN:86,dimensionsList
FN:148,attributesList
FN:215,variablesList
FNF:4
FNH:4
FNDA:5,header
FNDA:5,dimensionsList
FNDA:150,attributesList
FNDA:5,variablesList
DA:3,5
DA:4,5
DA:7,5
DA:8,5
DA:9,5
DA:10,5
DA:36,5
DA:38,5
DA:40,5
DA:45,5
DA:46,5
DA:47,5
DA:50,5
DA:53,5
DA:54,5
DA:55,5
DA:56,5
DA:58,5
DA:60,5
DA:63,5
DA:87,5
DA:90,5
DA:94,5
DA:95,0
DA:99,0
DA:101,5
DA:104,5
DA:105,5
DA:106,5
DA:108,65
DA:111,65
DA:112,65
DA:114,5
DA:115,5
DA:118,65
DA:124,5
DA:125,5
DA:127,5
DA:128,5
DA:130,5
DA:131,5
DA:149,150
DA:151,150
DA:152,125
DA:156,125
DA:158,25
DA:161,25
DA:162,25
DA:163,25
DA:165,175
DA:168,175
DA:169,175
DA:172,175
DA:173,175
DA:176,175
DA:178,175
DA:185,25
DA:220,5
DA:221,5
DA:223,5
DA:224,0
DA:228,0
DA:230,5
DA:233,5
DA:234,5
DA:235,5
DA:237,145
DA:240,145
DA:243,145
DA:244,145
DA:245,200
DA:249,145
DA:252,145
DA:253,145
DA:258,145
DA:261,145
DA:262,145
DA:263,0
DA:264,0
DA:267,145
DA:269,145
DA:270,0
DA:271,0
DA:273,145
DA:284,5
LF:85
LH:77
BRDA:46,0,0,5
BRDA:54,1,0,5
BRDA:94,2,0,0
BRDA:94,2,1,5
BRDA:112,3,0,5
BRDA:124,4,0,5
BRDA:127,5,0,5
BRDA:151,6,0,125
BRDA:151,6,1,25
BRDA:169,7,0,175
BRDA:169,7,1,175
BRDA:223,8,0,0
BRDA:223,8,1,5
BRDA:253,9,0,145
BRDA:253,9,1,0
BRDA:262,10,0,0
BRDA:269,11,0,0
BRDA:269,12,0,145
BRDA:269,12,1,0
BRF:19
BRH:13
end_of_record
TN:
SF:src/index.ts
FN:18,(anonymous_0)
FN:37,(anonymous_1)
FN:52,(anonymous_2)
FN:61,(anonymous_3)
FN:71,(anonymous_4)
FN:80,(anonymous_5)
FN:82,(anonymous_6)
FN:93,(anonymous_7)
FN:99,(anonymous_8)
FN:103,(anonymous_9)
FN:112,(anonymous_10)
FN:116,(anonymous_11)
FN:145,(anonymous_12)
FN:146,(anonymous_13)
FN:157,(anonymous_14)
FN:159,(anonymous_15)
FNF:16
FNH:13
FNDA:5,(anonymous_0)
FNDA:0,(anonymous_1)
FNDA:0,(anonymous_2)
FNDA:2,(anonymous_3)
FNDA:3,(anonymous_4)
FNDA:1,(anonymous_5)
FNDA:10,(anonymous_6)
FNDA:1,(anonymous_7)
FNDA:0,(anonymous_8)
FNDA:1,(anonymous_9)
FNDA:1,(anonymous_10)
FNDA:20,(anonymous_11)
FNDA:2,(anonymous_12)
FNDA:49,(anonymous_13)
FNDA:2,(anonymous_14)
FNDA:37,(anonymous_15)
DA:1,5
DA:3,5
DA:4,5
DA:5,5
DA:6,5
DA:14,5
DA:19,5
DA:20,5
DA:23,5
DA:26,5
DA:27,5
DA:30,5
DA:31,5
DA:38,0
DA:39,0
DA:41,0
DA:53,0
DA:62,2
DA:72,3
DA:81,1
DA:82,10
DA:84,1
DA:85,0
DA:94,1
DA:95,1
DA:96,0
DA:100,0
DA:104,1
DA:114,1
DA:116,1
DA:117,20
DA:120,0
DA:124,1
DA:125,0
DA:129,1
DA:131,1
DA:133,0
DA:136,1
DA:146,2
DA:147,49
DA:149,2
DA:158,2
DA:159,37
DA:161,2
LF:44
LH:34
BRDA:38,0,0,0
BRDA:38,0,1,0
BRDA:84,1,0,1
BRDA:95,2,0,1
BRDA:114,3,0,1
BRDA:114,3,1,0
BRDA:124,4,0,0
BRDA:131,5,0,0
BRDA:131,5,1,1
BRF:9
BRH:4
end_of_record
TN:
SF:src/toString.ts
FN:3,toString
FNF:1
FNH:1
FNDA:1,toString
DA:3,5
DA:4,1
DA:5,1
DA:6,1
DA:7,1
DA:8,0
DA:11,0
DA:12,0
DA:13,0
DA:14,0
DA:17,0
DA:18,0
DA:19,0
DA:20,0
DA:21,0
DA:22,0
DA:23,0
DA:24,0
DA:25,0
DA:27,0
DA:29,0
LF:21
LH:5
BRDA:23,0,0,0
BRDA:24,1,0,0
BRF:2
BRH:0
end_of_record
TN:
SF:src/types.ts
FN:18,num2str
FN:44,num2bytes
FN:70,str2num
FN:97,readNumber
FN:120,readType
FN:150,trimNull
FNF:6
FNH:6
FNDA:320,num2str
FNDA:1,num2bytes
FNDA:1,str2num
FNDA:30,readNumber
FNDA:207,readType
FNDA:177,trimNull
DA:3,5
DA:18,5
DA:19,320
DA:21,0
DA:23,200
DA:25,5
DA:27,30
DA:29,15
DA:31,70
DA:44,5
DA:45,1
DA:47,0
DA:49,1
DA:51,0
DA:53,0
DA:55,0
DA:57,0
DA:70,5
DA:71,1
DA:73,0
DA:75,1
DA:77,0
DA:79,0
DA:81,0
DA:83,0
DA:101,30
DA:102,0
DA:103,0
DA:104,0
DA:106,0
DA:108,30
DA:120,5
DA:125,207
DA:127,0
DA:129,177
DA:131,0
DA:133,10
DA:135,0
DA:137,20
DA:151,177
DA:152,160
DA:154,17
LF:42
LH:24
BRDA:19,0,0,0
BRDA:19,0,1,200
BRDA:19,0,2,5
BRDA:19,0,3,30
BRDA:19,0,4,15
BRDA:19,0,5,70
BRDA:45,1,0,0
BRDA:45,1,1,1
BRDA:45,1,2,0
BRDA:45,1,3,0
BRDA:45,1,4,0
BRDA:45,1,5,0
BRDA:71,2,0,0
BRDA:71,2,1,1
BRDA:71,2,2,0
BRDA:71,2,3,0
BRDA:71,2,4,0
BRDA:71,2,5,0
BRDA:101,3,0,0
BRDA:101,3,1,30
BRDA:125,4,0,0
BRDA:125,4,1,177
BRDA:125,4,2,0
BRDA:125,4,3,10
BRDA:125,4,4,0
BRDA:125,4,5,20
BRDA:151,5,0,160
BRF:27
BRH:12
end_of_record
TN:
SF:src/utils.ts
FN:8,notNetcdf
FN:18,padding
FN:29,readName
FNF:3
FNH:3
FNDA:490,notNetcdf
FNDA:560,padding
FNDA:385,readName
DA:8,5
DA:9,490
DA:10,0
DA:18,5
DA:19,560
DA:20,380
DA:29,5
DA:31,385
DA:32,385
DA:38,385
DA:39,385
LF:11
LH:10
BRDA:9,0,0,0
BRDA:19,1,0,380
BRF:2
BRH:1
end_of_record
